<?xml version="1.0" encoding="UTF-8"?>
<!-- Generated by org.testng.reporters.JUnitReportReporter -->
<testsuite hostname="DESKTOP-VHCOGMC" failures="0" tests="3" name="com.jaz.tests.LandingPageTests" time="32.970" errors="0" timestamp="2024-01-20T15:03:25 IST" skipped="0">
  <testcase classname="com.jaz.tests.LandingPageTests" name="assertTitle" time="10.970"/>
  <system-out/>
  <testcase classname="com.jaz.tests.LandingPageTests" name="invalidCredTest" time="10.967"/>
  <system-out/>
  <testcase classname="com.jaz.tests.LandingPageTests" name="validCredTest" time="11.033"/>
  <system-out/>
</testsuite> <!-- com.jaz.tests.LandingPageTests -->
